13:19:29.020 INFO - Selenium build info: version: '3.9.1', revision: '63f7b50'
13:19:29.021 INFO - Launching a standalone Selenium Server on port 4444
2018-05-29 13:19:29.102:INFO::main: Logging initialized @311ms to org.seleniumhq.jetty9.util.log.StdErrLog
2018-05-29 13:19:29.198:INFO:osjs.Server:main: jetty-9.4.7.v20170914, build timestamp: 2017-11-21T16:27:37-05:00, git hash: 82b8fb23f757335bb3329d540ce37a2a2615f0a8
2018-05-29 13:19:29.218:WARN:osjs.SecurityHandler:main: ServletContext@o.s.j.s.ServletContextHandler@1f28c152{/,null,STARTING} has uncovered http methods for path: /
2018-05-29 13:19:29.222:INFO:osjsh.ContextHandler:main: Started o.s.j.s.ServletContextHandler@1f28c152{/,null,AVAILABLE}
2018-05-29 13:19:29.254:INFO:osjs.AbstractConnector:main: Started ServerConnector@7f13d6e{HTTP/1.1,[http/1.1]}{0.0.0.0:4444}
2018-05-29 13:19:29.254:INFO:osjs.Server:main: Started @463ms
13:19:29.255 INFO - Selenium Server is up and running on port 4444
2018-05-29 13:19:29.897:INFO:osjshC.ROOT:qtp1190524793-12: org.openqa.selenium.remote.server.WebDriverServlet-3ffc5af1: Initialising WebDriverServlet
13:19:29.954 INFO - Found handler: org.openqa.selenium.remote.server.commandhandler.BeginSession@20902e27
13:19:29.957 INFO - /session: Executing POST on /session (handler: BeginSession)
13:19:30.020 INFO - Capabilities are: Capabilities {acceptSslCerts: true, browserName: chrome, chromeOptions: {args: [headless, no-sandbox, disable-gpu]}, javascriptEnabled: true}
13:19:30.022 INFO - Capabilities {acceptSslCerts: true, browserName: chrome, chromeOptions: {args: [headless, no-sandbox, disable-gpu]}, javascriptEnabled: true} matched class org.openqa.selenium.remote.server.ServicedSession$Factory (provider: org.openqa.selenium.chrome.ChromeDriverService)
Starting ChromeDriver 2.38.552518 (183d19265345f54ce39cbb94cf81ba5f15905011) on port 4268
Only local connections are allowed.
13:19:30.542 INFO - Detected dialect: OSS
13:19:30.824 INFO - Found handler: org.openqa.selenium.remote.server.ServicedSession@42d9cc16
13:19:30.825 INFO - Handler thread for session d48d336050c2e57bab038df0a723506c (chrome): Executing POST on /session/d48d336050c2e57bab038df0a723506c/url (handler: ServicedSession)
13:19:30.827 INFO - To upstream: {"url":"http://d1x11dgx2ymfgq.cloudfront.net"}
13:19:37.561 INFO - To downstream: {"sessionId":"d48d336050c2e57bab038df0a723506c","status":0,"value":null}
13:19:42.569 INFO - Found handler: org.openqa.selenium.remote.server.ServicedSession@42d9cc16
13:19:42.570 INFO - Handler thread for session d48d336050c2e57bab038df0a723506c (chrome): Executing POST on /session/d48d336050c2e57bab038df0a723506c/element (handler: ServicedSession)
13:19:42.571 INFO - To upstream: {"using":"css selector","value":"body"}
13:19:42.582 INFO - To downstream: {"sessionId":"d48d336050c2e57bab038df0a723506c","status":0,"value":{"ELEMENT":"0.7609609980972913-1"}}
13:19:42.590 INFO - Found handler: org.openqa.selenium.remote.server.ServicedSession@42d9cc16
13:19:42.591 INFO - Handler thread for session d48d336050c2e57bab038df0a723506c (chrome): Executing POST on /session/d48d336050c2e57bab038df0a723506c/elements (handler: ServicedSession)
13:19:42.592 INFO - To upstream: {"using":"css selector","value":"button.start-editing"}
13:19:42.602 INFO - To downstream: {"sessionId":"d48d336050c2e57bab038df0a723506c","status":0,"value":[{"ELEMENT":"0.7609609980972913-2"}]}
13:19:42.605 INFO - Found handler: org.openqa.selenium.remote.server.ServicedSession@42d9cc16
13:19:42.605 INFO - Handler thread for session d48d336050c2e57bab038df0a723506c (chrome): Executing GET on /session/d48d336050c2e57bab038df0a723506c/element/0.7609609980972913-2/displayed (handler: ServicedSession)
13:19:42.616 INFO - To downstream: {"sessionId":"d48d336050c2e57bab038df0a723506c","status":0,"value":true}
13:19:42.620 INFO - Found handler: org.openqa.selenium.remote.server.ServicedSession@42d9cc16
13:19:42.620 INFO - Handler thread for session d48d336050c2e57bab038df0a723506c (chrome): Executing POST on /session/d48d336050c2e57bab038df0a723506c/element (handler: ServicedSession)
13:19:42.621 INFO - To upstream: {"using":"css selector","value":"button.start-editing"}
13:19:42.632 INFO - To downstream: {"sessionId":"d48d336050c2e57bab038df0a723506c","status":0,"value":{"ELEMENT":"0.7609609980972913-2"}}
13:19:42.635 INFO - Found handler: org.openqa.selenium.remote.server.ServicedSession@42d9cc16
13:19:42.635 INFO - Handler thread for session d48d336050c2e57bab038df0a723506c (chrome): Executing POST on /session/d48d336050c2e57bab038df0a723506c/element/0.7609609980972913-2/click (handler: ServicedSession)
13:19:42.636 INFO - To upstream: 
13:19:42.672 INFO - To downstream: {"sessionId":"d48d336050c2e57bab038df0a723506c","status":0,"value":null}
13:19:42.675 INFO - Found handler: org.openqa.selenium.remote.server.ServicedSession@42d9cc16
13:19:42.675 INFO - Handler thread for session d48d336050c2e57bab038df0a723506c (chrome): Executing POST on /session/d48d336050c2e57bab038df0a723506c/elements (handler: ServicedSession)
13:19:42.676 INFO - To upstream: {"using":"css selector","value":"#sidebar"}
13:19:42.703 INFO - To downstream: {"sessionId":"d48d336050c2e57bab038df0a723506c","status":0,"value":[{"ELEMENT":"0.7609609980972913-3"}]}
13:19:42.706 INFO - Found handler: org.openqa.selenium.remote.server.ServicedSession@42d9cc16
13:19:42.706 INFO - Handler thread for session d48d336050c2e57bab038df0a723506c (chrome): Executing GET on /session/d48d336050c2e57bab038df0a723506c/element/0.7609609980972913-3/displayed (handler: ServicedSession)
13:19:42.748 INFO - To downstream: {"sessionId":"d48d336050c2e57bab038df0a723506c","status":0,"value":true}
13:19:42.751 INFO - Found handler: org.openqa.selenium.remote.server.ServicedSession@42d9cc16
13:19:42.751 INFO - Handler thread for session d48d336050c2e57bab038df0a723506c (chrome): Executing POST on /session/d48d336050c2e57bab038df0a723506c/elements (handler: ServicedSession)
13:19:42.752 INFO - To upstream: {"using":"css selector","value":"#primary"}
13:19:42.778 INFO - To downstream: {"sessionId":"d48d336050c2e57bab038df0a723506c","status":0,"value":[{"ELEMENT":"0.7609609980972913-4"}]}
13:19:42.781 INFO - Found handler: org.openqa.selenium.remote.server.ServicedSession@42d9cc16
13:19:42.781 INFO - Handler thread for session d48d336050c2e57bab038df0a723506c (chrome): Executing GET on /session/d48d336050c2e57bab038df0a723506c/element/0.7609609980972913-4/css/display (handler: ServicedSession)
13:19:42.800 INFO - To downstream: {"sessionId":"d48d336050c2e57bab038df0a723506c","status":0,"value":"block"}
13:19:45.812 INFO - Found handler: org.openqa.selenium.remote.server.ServicedSession@42d9cc16
13:19:45.812 INFO - Handler thread for session d48d336050c2e57bab038df0a723506c (chrome): Executing POST on /session/d48d336050c2e57bab038df0a723506c/element (handler: ServicedSession)
13:19:45.813 INFO - To upstream: {"using":"css selector","value":"#primary .toggle-button"}
13:19:45.824 INFO - To downstream: {"sessionId":"d48d336050c2e57bab038df0a723506c","status":0,"value":{"ELEMENT":"0.7609609980972913-5"}}
13:19:45.827 INFO - Found handler: org.openqa.selenium.remote.server.ServicedSession@42d9cc16
13:19:45.827 INFO - Handler thread for session d48d336050c2e57bab038df0a723506c (chrome): Executing POST on /session/d48d336050c2e57bab038df0a723506c/element/0.7609609980972913-5/click (handler: ServicedSession)
13:19:45.828 INFO - To upstream: 
13:19:45.864 INFO - To downstream: {"sessionId":"d48d336050c2e57bab038df0a723506c","status":0,"value":null}
13:19:47.372 INFO - Found handler: org.openqa.selenium.remote.server.ServicedSession@42d9cc16
13:19:47.372 INFO - Handler thread for session d48d336050c2e57bab038df0a723506c (chrome): Executing POST on /session/d48d336050c2e57bab038df0a723506c/elements (handler: ServicedSession)
13:19:47.373 INFO - To upstream: {"using":"css selector","value":"#primary .inner-wrapper"}
13:19:47.383 INFO - To downstream: {"sessionId":"d48d336050c2e57bab038df0a723506c","status":0,"value":[{"ELEMENT":"0.7609609980972913-6"}]}
13:19:47.386 INFO - Found handler: org.openqa.selenium.remote.server.ServicedSession@42d9cc16
13:19:47.386 INFO - Handler thread for session d48d336050c2e57bab038df0a723506c (chrome): Executing GET on /session/d48d336050c2e57bab038df0a723506c/element/0.7609609980972913-6/attribute/class (handler: ServicedSession)
13:19:47.391 INFO - To downstream: {"sessionId":"d48d336050c2e57bab038df0a723506c","status":0,"value":"inner-wrapper visible no-transition"}
13:19:47.396 INFO - Found handler: org.openqa.selenium.remote.server.ServicedSession@42d9cc16
13:19:47.396 INFO - Handler thread for session d48d336050c2e57bab038df0a723506c (chrome): Executing POST on /session/d48d336050c2e57bab038df0a723506c/element (handler: ServicedSession)
13:19:47.397 INFO - To upstream: {"using":"css selector","value":"#add-ref-table g[data-name=\"UndividedHighway\"]"}
13:19:47.407 INFO - To downstream: {"sessionId":"d48d336050c2e57bab038df0a723506c","status":0,"value":{"ELEMENT":"0.7609609980972913-7"}}
13:19:47.409 INFO - Found handler: org.openqa.selenium.remote.server.ServicedSession@42d9cc16
13:19:47.409 INFO - Handler thread for session d48d336050c2e57bab038df0a723506c (chrome): Executing POST on /session/d48d336050c2e57bab038df0a723506c/element/0.7609609980972913-7/click (handler: ServicedSession)
13:19:47.410 INFO - To upstream: 
13:19:47.444 INFO - To downstream: {"sessionId":"d48d336050c2e57bab038df0a723506c","status":0,"value":null}
13:19:48.451 INFO - Found handler: org.openqa.selenium.remote.server.ServicedSession@42d9cc16
13:19:48.451 INFO - Handler thread for session d48d336050c2e57bab038df0a723506c (chrome): Executing POST on /session/d48d336050c2e57bab038df0a723506c/elements (handler: ServicedSession)
13:19:48.453 INFO - To upstream: {"using":"css selector","value":"#add-ref-table g[data-name=\"UndividedHighway\"] rect"}
13:19:48.463 INFO - To downstream: {"sessionId":"d48d336050c2e57bab038df0a723506c","status":0,"value":[{"ELEMENT":"0.7609609980972913-8"}]}
13:19:48.466 INFO - Found handler: org.openqa.selenium.remote.server.ServicedSession@42d9cc16
13:19:48.466 INFO - Handler thread for session d48d336050c2e57bab038df0a723506c (chrome): Executing GET on /session/d48d336050c2e57bab038df0a723506c/element/0.7609609980972913-8/attribute/class (handler: ServicedSession)
13:19:48.471 INFO - To downstream: {"sessionId":"d48d336050c2e57bab038df0a723506c","status":0,"value":"sel"}
13:19:48.477 INFO - Found handler: org.openqa.selenium.remote.server.ServicedSession@42d9cc16
13:19:48.477 INFO - Handler thread for session d48d336050c2e57bab038df0a723506c (chrome): Executing POST on /session/d48d336050c2e57bab038df0a723506c/elements (handler: ServicedSession)
13:19:48.478 INFO - To upstream: {"using":"css selector","value":"#primary .action-container button"}
13:19:48.488 INFO - To downstream: {"sessionId":"d48d336050c2e57bab038df0a723506c","status":0,"value":[{"ELEMENT":"0.7609609980972913-9"}]}
13:19:48.490 INFO - Found handler: org.openqa.selenium.remote.server.ServicedSession@42d9cc16
13:19:48.490 INFO - Handler thread for session d48d336050c2e57bab038df0a723506c (chrome): Executing GET on /session/d48d336050c2e57bab038df0a723506c/element/0.7609609980972913-9/displayed (handler: ServicedSession)
13:19:48.501 INFO - To downstream: {"sessionId":"d48d336050c2e57bab038df0a723506c","status":0,"value":true}
13:19:48.503 INFO - Found handler: org.openqa.selenium.remote.server.ServicedSession@42d9cc16
13:19:48.503 INFO - Handler thread for session d48d336050c2e57bab038df0a723506c (chrome): Executing POST on /session/d48d336050c2e57bab038df0a723506c/element (handler: ServicedSession)
13:19:48.504 INFO - To upstream: {"using":"css selector","value":"#primary .action-container button"}
13:19:48.514 INFO - To downstream: {"sessionId":"d48d336050c2e57bab038df0a723506c","status":0,"value":{"ELEMENT":"0.7609609980972913-9"}}
13:19:48.517 INFO - Found handler: org.openqa.selenium.remote.server.ServicedSession@42d9cc16
13:19:48.518 INFO - Handler thread for session d48d336050c2e57bab038df0a723506c (chrome): Executing POST on /session/d48d336050c2e57bab038df0a723506c/element/0.7609609980972913-9/click (handler: ServicedSession)
13:19:48.518 INFO - To upstream: 
13:19:48.553 INFO - To downstream: {"sessionId":"d48d336050c2e57bab038df0a723506c","status":0,"value":null}
13:19:53.561 INFO - Found handler: org.openqa.selenium.remote.server.ServicedSession@42d9cc16
13:19:53.561 INFO - Handler thread for session d48d336050c2e57bab038df0a723506c (chrome): Executing POST on /session/d48d336050c2e57bab038df0a723506c/elements (handler: ServicedSession)
13:19:53.563 INFO - To upstream: {"using":"css selector","value":"#primary .controller .thumbnail"}
13:19:53.573 INFO - To downstream: {"sessionId":"d48d336050c2e57bab038df0a723506c","status":0,"value":[{"ELEMENT":"0.7609609980972913-10"}]}
13:19:53.576 INFO - Found handler: org.openqa.selenium.remote.server.ServicedSession@42d9cc16
13:19:53.576 INFO - Handler thread for session d48d336050c2e57bab038df0a723506c (chrome): Executing GET on /session/d48d336050c2e57bab038df0a723506c/element/0.7609609980972913-10/displayed (handler: ServicedSession)
13:19:53.587 INFO - To downstream: {"sessionId":"d48d336050c2e57bab038df0a723506c","status":0,"value":true}
13:19:53.589 INFO - Found handler: org.openqa.selenium.remote.server.ServicedSession@42d9cc16
13:19:53.589 INFO - Handler thread for session d48d336050c2e57bab038df0a723506c (chrome): Executing POST on /session/d48d336050c2e57bab038df0a723506c/elements (handler: ServicedSession)
13:19:53.590 INFO - To upstream: {"using":"css selector","value":"#primary .controller .context-menu-layer"}
13:19:53.600 INFO - To downstream: {"sessionId":"d48d336050c2e57bab038df0a723506c","status":0,"value":[{"ELEMENT":"0.7609609980972913-11"}]}
13:19:53.602 INFO - Found handler: org.openqa.selenium.remote.server.ServicedSession@42d9cc16
13:19:53.603 INFO - Handler thread for session d48d336050c2e57bab038df0a723506c (chrome): Executing GET on /session/d48d336050c2e57bab038df0a723506c/element/0.7609609980972913-11/displayed (handler: ServicedSession)
13:19:53.613 INFO - To downstream: {"sessionId":"d48d336050c2e57bab038df0a723506c","status":0,"value":true}
13:19:53.615 INFO - Found handler: org.openqa.selenium.remote.server.ServicedSession@42d9cc16
13:19:53.615 INFO - Handler thread for session d48d336050c2e57bab038df0a723506c (chrome): Executing POST on /session/d48d336050c2e57bab038df0a723506c/elements (handler: ServicedSession)
13:19:53.616 INFO - To upstream: {"using":"css selector","value":"#primary .controller div.thumbnail"}
13:19:53.626 INFO - To downstream: {"sessionId":"d48d336050c2e57bab038df0a723506c","status":0,"value":[{"ELEMENT":"0.7609609980972913-10"}]}
13:19:53.629 INFO - Found handler: org.openqa.selenium.remote.server.ServicedSession@42d9cc16
13:19:53.629 INFO - Handler thread for session d48d336050c2e57bab038df0a723506c (chrome): Executing GET on /session/d48d336050c2e57bab038df0a723506c/element/0.7609609980972913-10/attribute/class (handler: ServicedSession)
13:19:53.634 INFO - To downstream: {"sessionId":"d48d336050c2e57bab038df0a723506c","status":0,"value":"pad1 inline thumbnail light big _icon data "}
13:19:53.636 INFO - Found handler: org.openqa.selenium.remote.server.ServicedSession@42d9cc16
13:19:53.636 INFO - Handler thread for session d48d336050c2e57bab038df0a723506c (chrome): Executing POST on /session/d48d336050c2e57bab038df0a723506c/elements (handler: ServicedSession)
13:19:53.637 INFO - To upstream: {"using":"css selector","value":"#primary .controller .context-menu-layer"}
13:19:53.642 INFO - To downstream: {"sessionId":"d48d336050c2e57bab038df0a723506c","status":0,"value":[{"ELEMENT":"0.7609609980972913-11"}]}
13:19:53.644 INFO - Found handler: org.openqa.selenium.remote.server.ServicedSession@42d9cc16
13:19:53.644 INFO - Handler thread for session d48d336050c2e57bab038df0a723506c (chrome): Executing GET on /session/d48d336050c2e57bab038df0a723506c/element/0.7609609980972913-11/text (handler: ServicedSession)
13:19:53.658 INFO - To downstream: {"sessionId":"d48d336050c2e57bab038df0a723506c","status":0,"value":"UndividedHighway"}
13:19:53.662 INFO - Found handler: org.openqa.selenium.remote.server.ServicedSession@42d9cc16
13:19:53.663 INFO - Handler thread for session d48d336050c2e57bab038df0a723506c (chrome): Executing DELETE on /session/d48d336050c2e57bab038df0a723506c (handler: ServicedSession)
13:19:53.714 INFO - To downstream: {"sessionId":"d48d336050c2e57bab038df0a723506c","status":0,"value":null}
